/*1.Write a function calculate that takes three arugments from the user, say num1 , num2, and operation(1==add, 2==subtract, 
3==multiply, 4==divide ).Don`t use switch statement or if else statements
 
1.add,
2.subtract,
3.multiply,
4.divide 

write the calc function for all the operations*/
function Calc(){
    var add = function(x,y){
        return parseInt(x)+parseInt(y);
    }
    var sub = function(x,y){
        return parseInt(x)-parseInt(y);
    }
    var multiply = function(x,y){
        return parseInt(x)*parseInt(y);
    }
    var divide = function(x,y){
        return parseInt(x)/parseInt(y);
    }
    return {add,sub,multiply,divide};
}
function main(){
var num1 = prompt("Enter firstNumber");
var num2 = prompt("Enter secondNumber");
var choice = prompt("choose number 1.add,2.subtract,3.multiple,4.divide");
var operation = {1:Calc().add(num1,num2),2:Calc().sub(num1,num2),3:Calc().multiply(num1,num2),4:Calc().divide(num1,num2)};
console.log(operation[choice]);
}
main();
VM178:30 -1
undefined
