/* Create a function Named Triangle which takes 3 parameters, say A, B and C denoting the 3 sides of a triangle.
Use Callback function, create a method to check if the triangle is Equilateral or not.


Output:
"true" if the triangle is equilateral and "false" if its not.*/
undefined
function checkEquilateral(x,y,z){
    if(x==y&&y==z&&z==x){
        console.log("Triangle is Equilateral");
    }else{
        console.log("Triangle is not Equilateral");
    }
}
function Named(a,b,c,fn){
    fn(a,b,c);
}
function main(){
var a = prompt("enter a");
var b = prompt("enter b");
var c = prompt("enter c");
Named(a,b,c,checkEquilateral);
}
main();

        
VM205:5 Triangle is not Equilateral
undefined
